64
1 foot_gun.veh
1 k2.veh
1 truck.veh
1 tank.veh
2 ka52k.veh
1 m1a1.veh
1 sa6.veh
1 sa17.veh
1 foot_missile.veh
1 foot_mtr.veh
1 m2a2.veh
2 mh60r.veh
1 brdm1.veh
1 brdm2.veh
1 btr60.veh
1 sa8.veh
1 sa9.veh
1 t55.veh
1 t62.veh
1 t80.veh
2 ah64d.veh
2 ah64e.veh
2 ah64a.veh
1 bmp1.veh
1 bmp2.veh
1 bmp3.veh
1 bmpcmd.veh
1 acrv.veh
1 dogear.veh
1 snowdrift.veh
1 2t7mzil.veh
1 zsu23-4.veh
4 osumi.veh
4 a.burke-class.veh
4 kuznetsov-class.veh
1 straightflush.veh
2 mi24.veh
4 shirane.veh
2 mi8.veh
2 mi28.veh
4 sovremenny-class.veh
4 kirov-class.veh
4 ticonderoga-class.veh
4 nimitz-class.veh
2 ah1s.veh
2 mi26.veh
2 ch47.veh
1 sa19.veh
4 wasp-class.veh
2 uh1.veh
1 anmpq-46.veh
1 anmpq-50.veh
1 anmpq-55.veh
1 hawk.veh
1 longtrack.veh
1 sa11.veh
1 aav7.veh
1 type16.veh
1 challenger.veh
2 md500.veh
2 oh58d.veh
2 uh60.veh
2 ch53.veh
2 ka52.veh